AbasA, added to PAS_Users_group
AbbasM, added to PAS_Users_group
AbbasiS, added to PAS_Users_group
AbdelgalilN, added to PAS_Users_group
AcharayaG, Not found
AchaibanM, added to PAS_Users_group
AcostaN, added to PAS_Users_group
AcresS, added to PAS_Users_group
AdamsA, added to PAS_Users_group
AdamsJ, added to PAS_Users_group
AdanK, added to PAS_Users_group
AddaiF, added to PAS_Users_group
AddisonK, added to PAS_Users_group
AddisonL, added to PAS_Users_group
AdeyemoA, added to PAS_Users_group
AdepitanA, added to PAS_Users_group
AdetuD, added to PAS_Users_group
AdenekanH, added to PAS_Users_group
AdesanyaJ, added to PAS_Users_group
AdewaleO, added to PAS_Users_group
AdemorotiO, added to PAS_Users_group
AdepegbaO, added to PAS_Users_group
AdkinsE, Not found
AfrahM, added to PAS_Users_group
AfzulH, added to PAS_Users_group
AgudeloJ, added to PAS_Users_group
Aguilar-MunoaS, added to PAS_Users_group
AgyiriV, added to PAS_Users_group
Ah-KyeL, Not found
AhmedA, added to PAS_Users_group
AhmedA, added to PAS_Users_group
AhmedA, added to PAS_Users_group
AhmedF, added to PAS_Users_group
AhmedH, added to PAS_Users_group
AhmedK, added to PAS_Users_group
AhmedL, added to PAS_Users_group
AhmedR, added to PAS_Users_group
AhmedR, added to PAS_Users_group
AjaoS, added to PAS_Users_group
AjizA, Not found
AkinfolarinA, added to PAS_Users_group
AkurienneC, added to PAS_Users_group
AlabiK, added to PAS_Users_group
AlfarraA, added to PAS_Users_group
Al-HayoutiH, Not found
Al-HayaliY, added to PAS_Users_group
AliA, Not found
AliM, Not found
AlkarmiK, Not found
AllamJ, added to PAS_Users_group
AllenL, added to PAS_Users_group
AlomB, added to PAS_Users_group
AlvaresT, added to PAS_Users_group
AmadasunC, added to PAS_Users_group
AmankwaahR, added to PAS_Users_group
AmerterA, added to PAS_Users_group
AmedieF, added to PAS_Users_group
AmjadM, added to PAS_Users_group
AmoahS, added to PAS_Users_group
AnandakumarM, added to PAS_Users_group
AnandV, Not found
AndersonC, Not found
AndrewsJ, Not found
AndiapenK, added to PAS_Users_group
AndersonM, added to PAS_Users_group
AndrewsR, added to PAS_Users_group
AnguigeK, added to PAS_Users_group
AnguigeN, added to PAS_Users_group
AnjumanT, added to PAS_Users_group
AntoniouA, added to PAS_Users_group
AntoineD, added to PAS_Users_group
Antoine-PhilipR, Not found
ApostolR, added to PAS_Users_group
AppiahewusiD, added to PAS_Users_group
aappiah-DanquaJ, Not found
Appiah-KubiS, Not found
ApatiraL, added to PAS_Users_group
AquinoL, added to PAS_Users_group
AralA, added to PAS_Users_group
AreF, added to PAS_Users_group
ArmanH, added to PAS_Users_group
ArthurJ, added to PAS_Users_group
ArunakirinathaM, Not found
Asante-BoatenS, Not found
AshA, added to PAS_Users_group
AsimengL, added to PAS_Users_group
AsokarS, added to PAS_Users_group
AsubontengA, added to PAS_Users_group
AtkinsonE, Not found
AukaulooN, added to PAS_Users_group
AuldA, added to PAS_Users_group
AveyardB, Not found
AzarbodP, added to PAS_Users_group
AzizA, added to PAS_Users_group
AziziS, added to PAS_Users_group
BadunaJ, added to PAS_Users_group
BadekM, added to PAS_Users_group
BagnallF, added to PAS_Users_group
BagonocJ, added to PAS_Users_group
BahraJ, added to PAS_Users_group
BaileyR, added to PAS_Users_group
BakerJ, Not found
BakareS, added to PAS_Users_group
BaltmrA, Not found
BalaC, added to PAS_Users_group
BalagteyK, added to PAS_Users_group
BalalS, added to PAS_Users_group
BambroughH, added to PAS_Users_group
BanwaitA, added to PAS_Users_group
JanBanekeA, Not found
BangaraA, added to PAS_Users_group
BanC, added to PAS_Users_group
BanwaitE, added to PAS_Users_group
BanguraM, Not found
BandaS, added to PAS_Users_group
BarnesA, added to PAS_Users_group
BaretteA, added to PAS_Users_group
BarkerC, added to PAS_Users_group
BaronD, added to PAS_Users_group
BartlettJ, added to PAS_Users_group
BarnfieldJ, added to PAS_Users_group
BarnardK, Not found
BarkerL, added to PAS_Users_group
BaruaL, added to PAS_Users_group
BarckerM, added to PAS_Users_group
BarrettP, added to PAS_Users_group
BashemeraA, Not found
BasheerK, added to PAS_Users_group
BassL, added to PAS_Users_group
BatzikosG, added to PAS_Users_group
BeaconsfieldM, added to PAS_Users_group
BeddowC, added to PAS_Users_group
BeecherW, added to PAS_Users_group
BegumA, added to PAS_Users_group
BegumH, added to PAS_Users_group
BegumJ, Not found
BegumM, Not found
BegumN, added to PAS_Users_group
BegumR, Not found
BegumR, Not found
BegumR, Not found
BegumS, added to PAS_Users_group
BegumS, added to PAS_Users_group
BegumS, added to PAS_Users_group
BegumS, added to PAS_Users_group
BegumS, added to PAS_Users_group
BegumS, added to PAS_Users_group
BellB, added to PAS_Users_group
BellK, added to PAS_Users_group
BelmourL, added to PAS_Users_group
BellS, added to PAS_Users_group
BenjaminL, added to PAS_Users_group
BenderL, added to PAS_Users_group
BennettM, added to PAS_Users_group
BestM, added to PAS_Users_group
BewryA, added to PAS_Users_group
BhattiA, added to PAS_Users_group
BhangooB, added to PAS_Users_group
BharadiaN, added to PAS_Users_group
BhatoaN, added to PAS_Users_group
BhambraP, added to PAS_Users_group
BhagatV, added to PAS_Users_group
BhermiS, Not found
BhooneeS, added to PAS_Users_group
BibiR, added to PAS_Users_group
BielaE, added to PAS_Users_group
BirminghamA, added to PAS_Users_group
BiswasB, added to PAS_Users_group
BlackshawL, added to PAS_Users_group
BlochE, added to PAS_Users_group
BoachieN, added to PAS_Users_group
BohnM, added to PAS_Users_group
BonnerJ, added to PAS_Users_group
BostonH, added to PAS_Users_group
BourasK, Not found
BradleyA, added to PAS_Users_group
BradleyK, added to PAS_Users_group
BraddickN, added to PAS_Users_group
BradeV, added to PAS_Users_group
BrennanN, added to PAS_Users_group
BriggsA, added to PAS_Users_group
BrownA, Not found
BrownA, Not found
BrookesC, added to PAS_Users_group
BrownE, added to PAS_Users_group
BrownG, added to PAS_Users_group
BroadbentJ, added to PAS_Users_group
BrownJ, added to PAS_Users_group
BroomK, added to PAS_Users_group
BrownL, added to PAS_Users_group
BrownL, added to PAS_Users_group
BrooksR, added to PAS_Users_group
BrookS, added to PAS_Users_group
BryantD, added to PAS_Users_group
Brzeska-SzecP, Not found
BucayM, added to PAS_Users_group
BuceT, added to PAS_Users_group
BuistS, added to PAS_Users_group
BunceJ, added to PAS_Users_group
BuraleA, added to PAS_Users_group
BurkeA, added to PAS_Users_group
BurnsC, added to PAS_Users_group
BurrellC, added to PAS_Users_group
PaulBurtonJ, Not found
BurtonL, added to PAS_Users_group
BurkeN, added to PAS_Users_group
BurthunZ, added to PAS_Users_group
ButtigiegA, added to PAS_Users_group
ButtN, added to PAS_Users_group
ButtarS, added to PAS_Users_group
CabahugR, added to PAS_Users_group
CabahugR, added to PAS_Users_group
CaderS, Not found
CalveyR, added to PAS_Users_group
CannonJ, Not found
CanadaZ, added to PAS_Users_group
CarterA, Not found
CarpenterD, added to PAS_Users_group
CarpenterH, added to PAS_Users_group
CarringtonK, added to PAS_Users_group
CarterM, added to PAS_Users_group
CarneyM, added to PAS_Users_group
CarterN, added to PAS_Users_group
CarringtonN, added to PAS_Users_group
CarmichaelS, added to PAS_Users_group
CarneiroS, added to PAS_Users_group
CasafinaC, added to PAS_Users_group
CasswellE, added to PAS_Users_group
CaseyM, added to PAS_Users_group
CavanaghJ, added to PAS_Users_group
CazaubonM, added to PAS_Users_group
CevenB, added to PAS_Users_group
ChandraA, Not found
CharnleyA, added to PAS_Users_group
Charles-WilliamsA, Not found
ChandaranaB, added to PAS_Users_group
ChanaH, added to PAS_Users_group
ChanJ, Not found
CharlesL, added to PAS_Users_group
ChanM, added to PAS_Users_group
ChanaR, Not found
ChandiS, added to PAS_Users_group
ChandaV, added to PAS_Users_group
ChalpkinY, added to PAS_Users_group
CheungC, added to PAS_Users_group
CheangK, added to PAS_Users_group
ChildC, added to PAS_Users_group
ChirasD, added to PAS_Users_group
ChinyamaE, added to PAS_Users_group
ChinnS, added to PAS_Users_group
ChokshiA, added to PAS_Users_group
ChowdhuryN, added to PAS_Users_group
ChopraR, added to PAS_Users_group
ChowdhuryS, Not found
ChowdhuryS, Not found
ChowdhuryT, added to PAS_Users_group
ChoudhryZ, added to PAS_Users_group
CilkovaM, added to PAS_Users_group
CinkoF, added to PAS_Users_group
ClarkeB, added to PAS_Users_group
ClarkeB, added to PAS_Users_group
ClaridadC, added to PAS_Users_group
ClarkeC, Not found
ClarkeD, added to PAS_Users_group
ClayE, added to PAS_Users_group
ClapsonS, added to PAS_Users_group
CoatesN, added to PAS_Users_group
CogginP, added to PAS_Users_group
CollinsE, added to PAS_Users_group
CollinsP, added to PAS_Users_group
CornicheJ, added to PAS_Users_group
CorpuzS, added to PAS_Users_group
CostaR, added to PAS_Users_group
CotterS, added to PAS_Users_group
CoxN, added to PAS_Users_group
CoyA, added to PAS_Users_group
CraneD, added to PAS_Users_group
CrosslandM, added to PAS_Users_group
Crosby-NwaobiR, added to PAS_Users_group
CryanM, added to PAS_Users_group
CumberbatchS, added to PAS_Users_group
CunhaA, added to PAS_Users_group
CunninghamE, added to PAS_Users_group
CzyzI, added to PAS_Users_group
DabrowskiM, added to PAS_Users_group
DaCostaP, Not found
DacruzL, Not found
Dahlmann-NoorA, added to PAS_Users_group
DanielC, added to PAS_Users_group
DanaseelanS, added to PAS_Users_group
ToanDangT, Not found
DansoW, added to PAS_Users_group
DarikasC, added to PAS_Users_group
D'AranjoD, Not found
DasBhaumikR, Not found
DasS, added to PAS_Users_group
DavisA, added to PAS_Users_group
DavisA, added to PAS_Users_group
DaviesA, Not found
DaviesC, Not found
DaveyG, added to PAS_Users_group
DavisJ, Not found
DavidS, added to PAS_Users_group
DavisS, Not found
AlexanderDayD, Not found
DeeqaM, Not found
HdehabadiM, Not found
DeibR, added to PAS_Users_group
DeSilvaI, added to PAS_Users_group
DesouzaM, added to PAS_Users_group
DettoriR, added to PAS_Users_group
DeviA, added to PAS_Users_group
DeveraM, Not found
DvasconcelosM, Not found
DhaliwalB, added to PAS_Users_group
DhillonV, added to PAS_Users_group
DiasF, added to PAS_Users_group
DillonS, added to PAS_Users_group
DimpleM, Not found
DinsdaleE, added to PAS_Users_group
DinN, Not found
DinZ, added to PAS_Users_group
JoanDixonD, Not found
DodooC, added to PAS_Users_group
DogaruA, added to PAS_Users_group
DolbyC, added to PAS_Users_group
DolanJ, added to PAS_Users_group
DominaitisT, added to PAS_Users_group
DondiC, added to PAS_Users_group
D'OnofrioL, Not found
DoughartyJ, added to PAS_Users_group
DowseE, added to PAS_Users_group
DoyleJ, added to PAS_Users_group
DuaA, added to PAS_Users_group
DugdillJ, added to PAS_Users_group
DuncanC, added to PAS_Users_group
DunbarH, added to PAS_Users_group
DunlopN, added to PAS_Users_group
DurandG, added to PAS_Users_group
EbronR, added to PAS_Users_group
EdgarA, added to PAS_Users_group
Ediri-AnunuA, Not found
EdikiE, added to PAS_Users_group
EdkinsC, added to PAS_Users_group
EdwardsB, added to PAS_Users_group
EdwardsE, added to PAS_Users_group
EdwardsL, added to PAS_Users_group
EdwardsM, added to PAS_Users_group
EganC, added to PAS_Users_group
EgbogunE, added to PAS_Users_group
EkenobiN, added to PAS_Users_group
EkhatorR, added to PAS_Users_group
EkundayoM, added to PAS_Users_group
ElafghaniK, added to PAS_Users_group
ElderG, added to PAS_Users_group
ElfadalyD, added to PAS_Users_group
ElhamriH, added to PAS_Users_group
EllisR, added to PAS_Users_group
EnahoroN, added to PAS_Users_group
EniG, added to PAS_Users_group
EnriquezE, added to PAS_Users_group
ErachoU, added to PAS_Users_group
EricssonR, added to PAS_Users_group
DegliEspostiS, Not found
EthertonK, added to PAS_Users_group
EvansJ, Not found
EylesJ, added to PAS_Users_group
EzraD, added to PAS_Users_group
FajardoJ, added to PAS_Users_group
FakoyaA, added to PAS_Users_group
FakehaI, added to PAS_Users_group
FasoloS, added to PAS_Users_group
FaulknerP, added to PAS_Users_group
FazliM, added to PAS_Users_group
FazilovaN, added to PAS_Users_group
FegaridoF, added to PAS_Users_group
FernandesA, added to PAS_Users_group
FernandezB, added to PAS_Users_group
FernandezC, added to PAS_Users_group
FergieC, added to PAS_Users_group
FernandezE, added to PAS_Users_group
FernandesS, Not found
FieldingJ, added to PAS_Users_group
FieldP, added to PAS_Users_group
FilipovaV, added to PAS_Users_group
FinkenP, added to PAS_Users_group
FisherC, added to PAS_Users_group
SunbulFistikE, added to PAS_Users_group
FistikS, added to PAS_Users_group
FlattD, added to PAS_Users_group
FlattN, added to PAS_Users_group
FlemingH, added to PAS_Users_group
FlemonsK, added to PAS_Users_group
FloresB, added to PAS_Users_group
FlynnK, added to PAS_Users_group
FolarinA, added to PAS_Users_group
ForresterR, added to PAS_Users_group
FosterS, added to PAS_Users_group
FosterT, added to PAS_Users_group
FothergillA, added to PAS_Users_group
FotiouP, added to PAS_Users_group
FountiP, added to PAS_Users_group
FrancisA, added to PAS_Users_group
FraserA, added to PAS_Users_group
FrancoisN, added to PAS_Users_group
FranklandP, added to PAS_Users_group
FranklinS, added to PAS_Users_group
FuruglyasovaL, added to PAS_Users_group
GalloB, added to PAS_Users_group
GamageD, added to PAS_Users_group
GamboaF, added to PAS_Users_group
GanapathyK, added to PAS_Users_group
GatchalianJ, added to PAS_Users_group
GavarraF, added to PAS_Users_group
GavinJ, added to PAS_Users_group
GayleS, added to PAS_Users_group
GebremichaelM, added to PAS_Users_group
GeorgeA, added to PAS_Users_group
GervaisS, added to PAS_Users_group
GiddingsV, Not found
GilbreathD, added to PAS_Users_group
GilhooleyM, added to PAS_Users_group
DavidGillamM, Not found
Gilbert-CampbellM, Not found
GillS, added to PAS_Users_group
GimenezA, added to PAS_Users_group
GinoT, added to PAS_Users_group
Girard-ClaudonK, added to PAS_Users_group
GkaragkaniE, added to PAS_Users_group
GohD, Not found
GoiaN, added to PAS_Users_group
GoldingK, Not found
GonzalesA, added to PAS_Users_group
GoopeeV, added to PAS_Users_group
GoreD, added to PAS_Users_group
GormanR, added to PAS_Users_group
GosaiJ, added to PAS_Users_group
GrandeurF, added to PAS_Users_group
GrayJ, added to PAS_Users_group
GrahamM, Not found
Grant-MackenzN, Not found
GreenawayA, added to PAS_Users_group
GregoryC, added to PAS_Users_group
GregoriouE, added to PAS_Users_group
GrealishJ, added to PAS_Users_group
GrewalP, added to PAS_Users_group
GriggC, added to PAS_Users_group
GriffinL, added to PAS_Users_group
GriffithR, added to PAS_Users_group
GrimesR, added to PAS_Users_group
GriffithsT, added to PAS_Users_group
GriggsT, added to PAS_Users_group
FrancoGuevarraM, Not found
GuevaraG, added to PAS_Users_group
GumbrellA, added to PAS_Users_group
GuntemO, added to PAS_Users_group
GuptaC, added to PAS_Users_group
GuptaT, added to PAS_Users_group
GyimahR, added to PAS_Users_group
HafeezA, added to PAS_Users_group
HalaiU, added to PAS_Users_group
HammerA, added to PAS_Users_group
HammondD, added to PAS_Users_group
HamiltonJ, Not found
HamidS, added to PAS_Users_group
HampsonS, added to PAS_Users_group
HanumunthaduD, added to PAS_Users_group
HancoxJ, added to PAS_Users_group
HancockL, added to PAS_Users_group
HanrahanS, added to PAS_Users_group
SinghHansiS, Not found
HaqA, added to PAS_Users_group
HaqA, added to PAS_Users_group
HaqueJ, added to PAS_Users_group
HarrisG, added to PAS_Users_group
WhartlesG, Not found
HarneyK, added to PAS_Users_group
HardyM, added to PAS_Users_group
HarneyS, added to PAS_Users_group
HardingT, added to PAS_Users_group
HassanA, Not found
HassanK, Not found
HassanS, Not found
HattonK, added to PAS_Users_group
HattersleyS, added to PAS_Users_group
HauS, added to PAS_Users_group
HaynesB, added to PAS_Users_group
HayG, added to PAS_Users_group
HayesK, added to PAS_Users_group
HeadleyJ, added to PAS_Users_group
HeerenT, added to PAS_Users_group
HendricksonK, added to PAS_Users_group
MoniqueHepburnA, Not found
HerathA, added to PAS_Users_group
HerbertsonV, added to PAS_Users_group
HewittS, added to PAS_Users_group
HeydonE, added to PAS_Users_group
HillsS, Not found
HindsA, added to PAS_Users_group
HindleE, added to PAS_Users_group
HingoraniM, added to PAS_Users_group
HirjiA, added to PAS_Users_group
HoehA, added to PAS_Users_group
HolmP, added to PAS_Users_group
HeeHongE, Not found
HoqueN, added to PAS_Users_group
HoulstonA, added to PAS_Users_group
HowardB, added to PAS_Users_group
Howarth-BloorJ, Not found
HrkM, added to PAS_Users_group
HuK, added to PAS_Users_group
HuntE, added to PAS_Users_group
HunterM, added to PAS_Users_group
HuqS, Not found
HusseinA, added to PAS_Users_group
HussainB, added to PAS_Users_group
HussainK, added to PAS_Users_group
HusseinN, Not found
HussainQ, added to PAS_Users_group
HussainR, added to PAS_Users_group
HussainS, added to PAS_Users_group
HydeT, added to PAS_Users_group
HyerJ, added to PAS_Users_group
IbanezP, added to PAS_Users_group
IbrahimT, added to PAS_Users_group
IeongA, added to PAS_Users_group
IlyasH, added to PAS_Users_group
InnissR, added to PAS_Users_group
InyutinB, added to PAS_Users_group
IonidesA, added to PAS_Users_group
IslamE, added to PAS_Users_group
IslamM, Not found
IslamR, added to PAS_Users_group
IslamT, Not found
IsmailjeeM, added to PAS_Users_group
JaberA, added to PAS_Users_group
JacobsL, added to PAS_Users_group
JacksonP, added to PAS_Users_group
JacksonV, added to PAS_Users_group
JadeH, Not found
JafferaliM, added to PAS_Users_group
JainM, added to PAS_Users_group
JalaliM, added to PAS_Users_group
JamesonH, added to PAS_Users_group
JamesO, Not found
JaniJ, added to PAS_Users_group
JanuskevicieneR, added to PAS_Users_group
JardineC, added to PAS_Users_group
JaselskyA, added to PAS_Users_group
JayaramH, added to PAS_Users_group
JaycocksL, added to PAS_Users_group
JeantouM, added to PAS_Users_group
JeevanandanA, added to PAS_Users_group
JengM, added to PAS_Users_group
JessupP, added to PAS_Users_group
JessaZ, added to PAS_Users_group
JethwaR, added to PAS_Users_group
JhangariaK, added to PAS_Users_group
JimenezG, added to PAS_Users_group
JindalA, added to PAS_Users_group
JohnsonA, added to PAS_Users_group
JohnsonD, added to PAS_Users_group
JohnsonG, added to PAS_Users_group
JohnsonI, added to PAS_Users_group
JohnsonN, added to PAS_Users_group
JohnR, added to PAS_Users_group
JollyR, added to PAS_Users_group
JonesE, added to PAS_Users_group
JonesK, Not found
JosephC, added to PAS_Users_group
JoseL, added to PAS_Users_group
JoseM, added to PAS_Users_group
JossonV, added to PAS_Users_group
JovenY, added to PAS_Users_group
JudgeJ, added to PAS_Users_group
JurkuteN, added to PAS_Users_group
KamaraH, added to PAS_Users_group
KamarunaiteJ, added to PAS_Users_group
YiuRonaldKamK, Not found
KamalN, added to PAS_Users_group
KanetiJ, added to PAS_Users_group
KankamR, added to PAS_Users_group
KanaS, added to PAS_Users_group
KangS, added to PAS_Users_group
KandaS, Not found
KandasamyY, added to PAS_Users_group
KanuZ, added to PAS_Users_group
KarimaA, Not found
KaridakisJ, added to PAS_Users_group
KariaK, added to PAS_Users_group
KaraniaR, added to PAS_Users_group
KaschA, added to PAS_Users_group
KattaM, added to PAS_Users_group
KatzM, added to PAS_Users_group
KayeA, added to PAS_Users_group
KayodeM, added to PAS_Users_group
KeaneD, added to PAS_Users_group
KeenanM, added to PAS_Users_group
KeitaF, added to PAS_Users_group
KempS, added to PAS_Users_group
KenanF, added to PAS_Users_group
KeraiB, added to PAS_Users_group
KetebD, added to PAS_Users_group
KeysM, added to PAS_Users_group
KhanomB, added to PAS_Users_group
AhmedKhanD, Not found
KhambatiH, added to PAS_Users_group
KhanI, added to PAS_Users_group
KhatunM, added to PAS_Users_group
KhanO, added to PAS_Users_group
KhawP, added to PAS_Users_group
KhatunS, Not found
KhanY, added to PAS_Users_group
KhanZ, added to PAS_Users_group
KhetiaA, added to PAS_Users_group
KhistriaJ, added to PAS_Users_group
KhodaS, added to PAS_Users_group
AyeshaKhurshidN, Not found
KiernanM, added to PAS_Users_group
KiernanS, added to PAS_Users_group
KilduffC, added to PAS_Users_group
KilbyK, added to PAS_Users_group
OkKimE, Not found
KingM, added to PAS_Users_group
KingR, Not found
KiousisG, added to PAS_Users_group
KirkpatrickB, added to PAS_Users_group
KirkwoodH, added to PAS_Users_group
WeiYinKitV, Not found
KnightA, added to PAS_Users_group
KnightH, added to PAS_Users_group
KoayS, added to PAS_Users_group
KobayashiM, added to PAS_Users_group
KoladeO, added to PAS_Users_group
KoomsonG, added to PAS_Users_group
KoshyJ, added to PAS_Users_group
KotechaR, added to PAS_Users_group
KowalskaM, added to PAS_Users_group
KozyraJ, added to PAS_Users_group
KpakiwaT, added to PAS_Users_group
KrimanJ, added to PAS_Users_group
KrishnaV, added to PAS_Users_group
Kubrak-KiszaM, Not found
KukadiaA, added to PAS_Users_group
QiangKwongT, Not found
KyratzoglouK, added to PAS_Users_group
LaberE, added to PAS_Users_group
LacsamanaS, added to PAS_Users_group
LadJ, added to PAS_Users_group
LaffertyC, added to PAS_Users_group
LakhaniS, added to PAS_Users_group
LallmahamoodS, added to PAS_Users_group
LaminA, added to PAS_Users_group
LamK, added to PAS_Users_group
LangfordF, added to PAS_Users_group
LaneR, added to PAS_Users_group
LauN, added to PAS_Users_group
LauR, added to PAS_Users_group
LaulooS, Not found
LawC, added to PAS_Users_group
LawrenceH, Not found
LawlorM, added to PAS_Users_group
LawerenceS, Not found
LeakC, added to PAS_Users_group
LeaT, added to PAS_Users_group
LeeC, added to PAS_Users_group
LeeS, added to PAS_Users_group
LeongK, added to PAS_Users_group
LesnerK, added to PAS_Users_group
LettS, added to PAS_Users_group
LeucciM, added to PAS_Users_group
LevyA, added to PAS_Users_group
LeveyB, added to PAS_Users_group
LeverettL, added to PAS_Users_group
LewisM, added to PAS_Users_group
LinLiewW, Not found
SingLimW, Not found
LindseyN, Not found
LinP, added to PAS_Users_group
LipnickaG, Not found
LissenburgJ, added to PAS_Users_group
Lloyd-HayL, Not found
LloydV, added to PAS_Users_group
LogeswaranA, added to PAS_Users_group
LohiaK, added to PAS_Users_group
LohiaV, added to PAS_Users_group
LopezA, added to PAS_Users_group
LopezN, added to PAS_Users_group
LotivioA, added to PAS_Users_group
LouisP, added to PAS_Users_group
LovedayN, added to PAS_Users_group
LoweM, added to PAS_Users_group
ShingLowW, Not found
LowY, Not found
LuddenS, added to PAS_Users_group
LuisJ, added to PAS_Users_group
LuoW, added to PAS_Users_group
LynchP, added to PAS_Users_group
MaanS, added to PAS_Users_group
MackneyC, added to PAS_Users_group
MacalisterG, added to PAS_Users_group
MackenzieK, added to PAS_Users_group
LmackenzieR, Not found
MadzivanyikaA, added to PAS_Users_group
MakuloluwaA, added to PAS_Users_group
MalikM, added to PAS_Users_group
MammadovaM, added to PAS_Users_group
MansfieldJ, added to PAS_Users_group
MandalN, added to PAS_Users_group
MandalN, added to PAS_Users_group
ManolacheO, added to PAS_Users_group
ManaloP, added to PAS_Users_group
ManY, added to PAS_Users_group
MarinescuA, added to PAS_Users_group
MarjanovicB, added to PAS_Users_group
MaruB, added to PAS_Users_group
MarcC, Not found
MaruM, added to PAS_Users_group
MartinR, added to PAS_Users_group
MashatteB, added to PAS_Users_group
MasuidI, added to PAS_Users_group
MasonM, added to PAS_Users_group
MascarenhasS, added to PAS_Users_group
MasterT, added to PAS_Users_group
MatarazzoF, added to PAS_Users_group
MathewM, added to PAS_Users_group
MatharuN, added to PAS_Users_group
MatthewsonP, Not found
MaynardM, added to PAS_Users_group
McanenaL, added to PAS_Users_group
MccarthyM, added to PAS_Users_group
McbrideS, added to PAS_Users_group
MccormackT, added to PAS_Users_group
MccellandZ, Not found
McevoyL, added to PAS_Users_group
McguiganA, added to PAS_Users_group
McintoshL, added to PAS_Users_group
MckenzieI, added to PAS_Users_group
MckiernanJ, added to PAS_Users_group
McleishC, added to PAS_Users_group
McluskeyL, added to PAS_Users_group
McnaughtonA, Not found
McphersonK, Not found
McphersonT, added to PAS_Users_group
McqueenM, added to PAS_Users_group
McveighE, added to PAS_Users_group
MealeyS, added to PAS_Users_group
MechatR, added to PAS_Users_group
MedleyM, added to PAS_Users_group
MehatM, added to PAS_Users_group
MehmetS, added to PAS_Users_group
MemonM, added to PAS_Users_group
MenonD, added to PAS_Users_group
MenorF, added to PAS_Users_group
MetcalfeP, Not found
MiahG, added to PAS_Users_group
MiahN, added to PAS_Users_group
MiahS, added to PAS_Users_group
RashedMiahS, Not found
MiahS, added to PAS_Users_group
MichaelM, Not found
MilliganA, added to PAS_Users_group
MillerJ, added to PAS_Users_group
MilnerJ, added to PAS_Users_group
MillerJ, added to PAS_Users_group
MinchinE, added to PAS_Users_group
MinihanM, added to PAS_Users_group
MirandaC, added to PAS_Users_group
MirandaE, added to PAS_Users_group
MirzaT, added to PAS_Users_group
MirzaZ, added to PAS_Users_group
MistryS, added to PAS_Users_group
MistryS, added to PAS_Users_group
MockC, added to PAS_Users_group
ModesteL, added to PAS_Users_group
Mohiud-DinS, Not found
MohammedZ, added to PAS_Users_group
MonederoA, added to PAS_Users_group
MooreC, added to PAS_Users_group
MooreJ, Not found
MorrisonC, added to PAS_Users_group
MortbyD, added to PAS_Users_group
MorganD, added to PAS_Users_group
MorenoE, added to PAS_Users_group
MortbyF, added to PAS_Users_group
MorrisL, added to PAS_Users_group
MotloungK, added to PAS_Users_group
MotteM, added to PAS_Users_group
MoyoE, added to PAS_Users_group
MponziR, added to PAS_Users_group
MughalS, added to PAS_Users_group
MuhundhakumarD, added to PAS_Users_group
MuldowneyM, added to PAS_Users_group
MuljiS, added to PAS_Users_group
MundayG, added to PAS_Users_group
MuquithF, added to PAS_Users_group
MurphyC, Not found
MurtaF, added to PAS_Users_group
MurphyJ, added to PAS_Users_group
MurphyK, added to PAS_Users_group
MurruM, added to PAS_Users_group
MurphyS, added to PAS_Users_group
MyersM, added to PAS_Users_group
NadungaP, added to PAS_Users_group
NaikC, added to PAS_Users_group
NalumuJ, added to PAS_Users_group
NamakulaM, added to PAS_Users_group
NandhaD, added to PAS_Users_group
NasirA, added to PAS_Users_group
NashT, added to PAS_Users_group
NathasinghM, added to PAS_Users_group
NathwaniN, added to PAS_Users_group
NcubeE, added to PAS_Users_group
NdiayeA, added to PAS_Users_group
NdlovuC, added to PAS_Users_group
NdokoM, added to PAS_Users_group
NemethC, added to PAS_Users_group
NessaP, added to PAS_Users_group
NettoR, added to PAS_Users_group
NeumannI, added to PAS_Users_group
NewmanH, added to PAS_Users_group
NewmanS, added to PAS_Users_group
NewtonT, added to PAS_Users_group
NgJ, Not found
Ngo-DjonL, added to PAS_Users_group
NichollsA, added to PAS_Users_group
NicholsonL, added to PAS_Users_group
Niestrata-OrtizM, added to PAS_Users_group
NingB, added to PAS_Users_group
NithyananthanN, added to PAS_Users_group
NobleC, added to PAS_Users_group
NobleJ, added to PAS_Users_group
JackN, added to PAS_Users_group
NorthR, added to PAS_Users_group
NottJ, added to PAS_Users_group
NunezA, added to PAS_Users_group
NyamadzawoS, added to PAS_Users_group
NyirendaK, added to PAS_Users_group
ObadeyiY, added to PAS_Users_group
O'BrartN, Not found
O'DonnellA, Not found
OdukoyaO, added to PAS_Users_group
O'FarrellS, Not found
OfoajokuI, added to PAS_Users_group
OgunsanyaH, added to PAS_Users_group
OgunbowaleL, added to PAS_Users_group
CogundareO, Not found
OgunmadewaO, added to PAS_Users_group
OikeO, added to PAS_Users_group
O'KereO, Not found
OkonkwoM, added to PAS_Users_group
OkruszekA, added to PAS_Users_group
OkunowoT, added to PAS_Users_group
OladunniH, added to PAS_Users_group
OlatokunV, added to PAS_Users_group
PengOliviaLiJ, Not found
OllessonO, added to PAS_Users_group
OluwatobiD, added to PAS_Users_group
Oluyide-OjoO, Not found
OmatsulO, Not found
AolOnenA, Not found
OnyaE, Not found
OrinaC, added to PAS_Users_group
OrlansH, added to PAS_Users_group
OronsayeC, added to PAS_Users_group
OrsineMurtaDiasK, Not found
OsborneS, added to PAS_Users_group
OsterJ, added to PAS_Users_group
OttleyD, added to PAS_Users_group
OtterM, added to PAS_Users_group
OtufaleR, added to PAS_Users_group
OuabachN, added to PAS_Users_group
OviesS, added to PAS_Users_group
OwolabiC, added to PAS_Users_group
OwoniyiM, added to PAS_Users_group
OyewoleA, added to PAS_Users_group
OzturkM, added to PAS_Users_group
PackP, added to PAS_Users_group
PaduaM, added to PAS_Users_group
Palmer-AnscomA, Not found
PalmaJ, added to PAS_Users_group
PanayiA, added to PAS_Users_group
PanayiotouP, added to PAS_Users_group
PandolfiS, added to PAS_Users_group
PapamichaelE, added to PAS_Users_group
PapierK, added to PAS_Users_group
ParsonsA, added to PAS_Users_group
ParmarJ, added to PAS_Users_group
ParsonsK, added to PAS_Users_group
ParkerR, Not found
TeamTestLoginP, Not found
PasuS, added to PAS_Users_group
PatelA, Not found
PatelA, Not found
PatelB, added to PAS_Users_group
PatelD, added to PAS_Users_group
PatelD, added to PAS_Users_group
PatelH, added to PAS_Users_group
PatelJ, Not found
PatelL, added to PAS_Users_group
PatelM, Not found
PatraoN, added to PAS_Users_group
PatelR, Not found
PatanniR, Not found
PatelR, Not found
PatelS, Not found
PatelS, Not found
PatelS, Not found
PaulN, added to PAS_Users_group
PaulS, Not found
PavesioS, added to PAS_Users_group
PeckarA, added to PAS_Users_group
PecsonV, Not found
PefkianakiM, added to PAS_Users_group
PennycuickM, added to PAS_Users_group
PereraH, added to PAS_Users_group
PetersA, added to PAS_Users_group
PetritiB, added to PAS_Users_group
PetrushkinH, added to PAS_Users_group
Duval-PetrynaO, Not found
PhillipsJ, added to PAS_Users_group
PintoP, added to PAS_Users_group
PlinstonS, added to PAS_Users_group
PlumeJ, added to PAS_Users_group
PondtS, added to PAS_Users_group
PooleA, added to PAS_Users_group
PoplarC, added to PAS_Users_group
PosnerM, added to PAS_Users_group
PoteyS, added to PAS_Users_group
PowtonA, added to PAS_Users_group
PowdrillC, added to PAS_Users_group
PowellH, added to PAS_Users_group
PrestonE, added to PAS_Users_group
PrenticeV, added to PAS_Users_group
PriceC, added to PAS_Users_group
PriceJ, Not found
DavidPriceL, Not found
ProvencalG, added to PAS_Users_group
PuertasR, added to PAS_Users_group
PulleyK, added to PAS_Users_group
PuntM, added to PAS_Users_group
PurcellY, Not found
Quarcoo-PriceR, Not found
RagosR, added to PAS_Users_group
RahmanA, added to PAS_Users_group
RahmanF, added to PAS_Users_group
ArahmanN, Not found
RahmanR, added to PAS_Users_group
RahmanW, added to PAS_Users_group
RaisonH, added to PAS_Users_group
RaiP, added to PAS_Users_group
RajputE, added to PAS_Users_group
RajoriaS, added to PAS_Users_group
RajanRajasudhaS, Not found
RajeT, added to PAS_Users_group
RamsurrunA, added to PAS_Users_group
RamsdenC, added to PAS_Users_group
RamerezD, added to PAS_Users_group
RamirezJ, added to PAS_Users_group
RamazaniJ, added to PAS_Users_group
RamlallM, added to PAS_Users_group
RamsurrunR, added to PAS_Users_group
RampatR, Not found
RamessurR, added to PAS_Users_group
RamosS, added to PAS_Users_group
RamalinghamS, Not found
RamsewakS, added to PAS_Users_group
RamosW, added to PAS_Users_group
RangineniA, added to PAS_Users_group
RanawakaH, added to PAS_Users_group
RandallM, added to PAS_Users_group
RankineT, added to PAS_Users_group
RashidE, added to PAS_Users_group
RashidF, added to PAS_Users_group
RashidH, added to PAS_Users_group
RashadM, added to PAS_Users_group
RawtaniN, added to PAS_Users_group
RealC, added to PAS_Users_group
RealJ, added to PAS_Users_group
L, Not found
ReddyA, added to PAS_Users_group
ReedA, added to PAS_Users_group
ReeksC, added to PAS_Users_group
ReevesD, added to PAS_Users_group
ReetunT, added to PAS_Users_group
RehmanZ, added to PAS_Users_group
ReininkM, added to PAS_Users_group
RenganathanB, added to PAS_Users_group
ReubenM, added to PAS_Users_group
ReynoldsT, added to PAS_Users_group
RibeiroI, added to PAS_Users_group
RiceroA, added to PAS_Users_group
RichardsonA, added to PAS_Users_group
RicamaraC, added to PAS_Users_group
RichardsH, added to PAS_Users_group
RichardsM, added to PAS_Users_group
RihovaA, added to PAS_Users_group
RoachG, added to PAS_Users_group
SilversidesR, Not found
RobsonA, added to PAS_Users_group
RobertsC, added to PAS_Users_group
RobothamL, added to PAS_Users_group
RobsonR, added to PAS_Users_group
RodriguesF, added to PAS_Users_group
RodriguesJ, added to PAS_Users_group
RodriguesM, Not found
RoelofsK, added to PAS_Users_group
RogersD, added to PAS_Users_group
RogersM, added to PAS_Users_group
RoseH, added to PAS_Users_group
RoseT, added to PAS_Users_group
RothJ, added to PAS_Users_group
RughaniA, added to PAS_Users_group
RughaniS, added to PAS_Users_group
RunganD, added to PAS_Users_group
RunhamL, added to PAS_Users_group
RupraA, added to PAS_Users_group
RussK, added to PAS_Users_group
RutkowskaC, added to PAS_Users_group
RynneL, added to PAS_Users_group
SadeghS, added to PAS_Users_group
SadiqS, added to PAS_Users_group
SafferM, added to PAS_Users_group
SagayB, added to PAS_Users_group
SagooK, added to PAS_Users_group
SahathefanK, Not found
SaihanZ, added to PAS_Users_group
SakikH, added to PAS_Users_group
SalehN, added to PAS_Users_group
SamuelsD, added to PAS_Users_group
SantosA, added to PAS_Users_group
SantosA, added to PAS_Users_group
SangheraJ, added to PAS_Users_group
SantosP, added to PAS_Users_group
SandhuS, added to PAS_Users_group
SansomeS, added to PAS_Users_group
SanniW, added to PAS_Users_group
SapporR, added to PAS_Users_group
SarkodieA, added to PAS_Users_group
SattaK, added to PAS_Users_group
SaundersD, added to PAS_Users_group
SawardV, added to PAS_Users_group
SayadianG, added to PAS_Users_group
ScarlettC, added to PAS_Users_group
SchmermerC, added to PAS_Users_group
SchiffE, added to PAS_Users_group
ScottA, added to PAS_Users_group
ScottD, added to PAS_Users_group
ScruttonM, added to PAS_Users_group
SebwatoR, added to PAS_Users_group
SehmiA, added to PAS_Users_group
SelteneM, added to PAS_Users_group
SenthilKumarK, Not found
SenP, added to PAS_Users_group
SerunjogiH, added to PAS_Users_group
SerebryanskaT, added to PAS_Users_group
SgourouE, added to PAS_Users_group
SharmaA, Not found
SharmaA, Not found
ShalsonA, added to PAS_Users_group
ShahjalalA, added to PAS_Users_group
UdaniShahB, Not found
SharrattF, added to PAS_Users_group
ShahG, added to PAS_Users_group
ShaikhJ, added to PAS_Users_group
SharpleyL, added to PAS_Users_group
ShaqiriL, added to PAS_Users_group
ShahM, Not found
ShahjahanM, added to PAS_Users_group
ShahN, added to PAS_Users_group
ShahN, added to PAS_Users_group
ShamsP, added to PAS_Users_group
ArvindShahP, Not found
ShahS, Not found
ShahidS, added to PAS_Users_group
ShahS, Not found
ShaikhS, Not found
ShanmuganathanS, added to PAS_Users_group
SharmaT, added to PAS_Users_group
ShahT, added to PAS_Users_group
ShahV, added to PAS_Users_group
ShahZ, added to PAS_Users_group
SheridanD, added to PAS_Users_group
ShermatovH, added to PAS_Users_group
ShergoldP, added to PAS_Users_group
SheelP, added to PAS_Users_group
ShikderA, added to PAS_Users_group
ShielsF, added to PAS_Users_group
ShielsS, added to PAS_Users_group
ShkudnovaM, added to PAS_Users_group
ShoaibI, added to PAS_Users_group
ShondeP, added to PAS_Users_group
Sholaja-BellY, added to PAS_Users_group
ShuR, added to PAS_Users_group
ShweikhY, added to PAS_Users_group
JosephSibleyD, Not found
SiddiquiS, added to PAS_Users_group
SilversidesR, Not found
S, Not found
SimpsonL, Not found
YueSimS, Not found
SinghA, Not found
SinghA, Not found
SinghJ, added to PAS_Users_group
SiriwardenaD, added to PAS_Users_group
SmithC, Not found
SmithD, added to PAS_Users_group
SmithD, added to PAS_Users_group
SmithE, added to PAS_Users_group
SmithJ, Not found
SmithN, added to PAS_Users_group
SmytheE, added to PAS_Users_group
SmytheJ, added to PAS_Users_group
SnipperR, added to PAS_Users_group
SnowballA, added to PAS_Users_group
SnowC, added to PAS_Users_group
SnowE, added to PAS_Users_group
SodipoA, added to PAS_Users_group
SodipoS, added to PAS_Users_group
SoloE, added to PAS_Users_group
SomuyiwaA, added to PAS_Users_group
SondhS, added to PAS_Users_group
Soon-MurphyC, added to PAS_Users_group
SoomroT, added to PAS_Users_group
SoweM, added to PAS_Users_group
SparksG, added to PAS_Users_group
SpeedwellL, added to PAS_Users_group
SpencerN, added to PAS_Users_group
SperlingT, added to PAS_Users_group
StaceyB, added to PAS_Users_group
StarrC, added to PAS_Users_group
StatkevicieneD, added to PAS_Users_group
StaffordM, added to PAS_Users_group
StarkT, added to PAS_Users_group
StrahanB, added to PAS_Users_group
StroiuD, added to PAS_Users_group
StrongS, added to PAS_Users_group
StylesE, added to PAS_Users_group
SuddiA, added to PAS_Users_group
SudhakaranC, added to PAS_Users_group
SujeebunI, added to PAS_Users_group
SultanaF, added to PAS_Users_group
SultanaH, added to PAS_Users_group
SultanN, added to PAS_Users_group
SultanS, added to PAS_Users_group
SummerA, added to PAS_Users_group
SuntharalingamS, added to PAS_Users_group
SuriA, added to PAS_Users_group
SvihalkovaV, added to PAS_Users_group
SynnottK, added to PAS_Users_group
SzecskoG, added to PAS_Users_group
Tabasa-LimS, Not found
TailorA, added to PAS_Users_group
TailorJ, added to PAS_Users_group
TailorV, added to PAS_Users_group
TamA, added to PAS_Users_group
TamB, added to PAS_Users_group
TanN, added to PAS_Users_group
TansleyS, added to PAS_Users_group
TasnimM, Not found
TaylorJ, added to PAS_Users_group
TaylorP, added to PAS_Users_group
TekluT, added to PAS_Users_group
TemizsoyluO, added to PAS_Users_group
SimmonsT, added to PAS_Users_group
SimmonsT, added to PAS_Users_group
ThanJ, added to PAS_Users_group
ThatcherL, added to PAS_Users_group
ThanabalasinghamT, added to PAS_Users_group
TheoJ, added to PAS_Users_group
TheodorouM, added to PAS_Users_group
ThomasA, added to PAS_Users_group
ThombsJ, added to PAS_Users_group
Thompson-FrancisJ, Not found
ThompsonL, added to PAS_Users_group
ThompsonN, added to PAS_Users_group
ThomasP, Not found
ThomasP, Not found
ThomasR, added to PAS_Users_group
ThomasS, added to PAS_Users_group
ThompsonS, Not found
TierneyR, added to PAS_Users_group
TimlinH, added to PAS_Users_group
TimbolR, added to PAS_Users_group
TingM, added to PAS_Users_group
TitmussK, added to PAS_Users_group
TomlinA, added to PAS_Users_group
TooleK, added to PAS_Users_group
TorresJ, added to PAS_Users_group
TossounisH, Not found
TothM, added to PAS_Users_group
Toure-GayeS, added to PAS_Users_group
ToweyG, added to PAS_Users_group
TownsendS, added to PAS_Users_group
TranH, Not found
TraceyN, added to PAS_Users_group
TreacyE, added to PAS_Users_group
Treston-DaviesH, Not found
TrepatchayakomS, added to PAS_Users_group
TriantafyllopoulouI, added to PAS_Users_group
TrivediM, added to PAS_Users_group
TrivediM, added to PAS_Users_group
TuckerP, added to PAS_Users_group
TuckerW, added to PAS_Users_group
TudemeU, added to PAS_Users_group
TurnerN, added to PAS_Users_group
Tyler-MooreS, added to PAS_Users_group
TzioridouP, added to PAS_Users_group
UbhiC, added to PAS_Users_group
UddinF, added to PAS_Users_group
UddinM, added to PAS_Users_group
UddinN, Not found
UddinS, added to PAS_Users_group
UdeozoA, added to PAS_Users_group
UhukaE, added to PAS_Users_group
UkonzeH, added to PAS_Users_group
UmorenA, added to PAS_Users_group
UnwinA, added to PAS_Users_group
Uzdavinyte-DurakuZ, Not found
VaghelaR, added to PAS_Users_group
VahdaniK, added to PAS_Users_group
VakrosG, added to PAS_Users_group
VaraskieneE, added to PAS_Users_group
VariaJ, added to PAS_Users_group
VarsaniS, added to PAS_Users_group
VargheseT, added to PAS_Users_group
VeerapatrenS, added to PAS_Users_group
VekamenakoG, added to PAS_Users_group
VenturiN, added to PAS_Users_group
VermeischS, Not found
VetpillaiP, added to PAS_Users_group
VettonthraS, added to PAS_Users_group
BuceV, added to PAS_Users_group
VijayasureshN, added to PAS_Users_group
VirgoJ, added to PAS_Users_group
VirdeeN, added to PAS_Users_group
VirkR, added to PAS_Users_group
ViraniS, added to PAS_Users_group
VisramP, added to PAS_Users_group
VithlaniH, added to PAS_Users_group
VoicuD, added to PAS_Users_group
VolkovaT, added to PAS_Users_group
VoraA, added to PAS_Users_group
VoyatzisG, added to PAS_Users_group
YeeVuongS, Not found
VyasK, added to PAS_Users_group
VyasS, added to PAS_Users_group
WagnerS, added to PAS_Users_group
WahnigR, added to PAS_Users_group
WakelyL, Not found
WallaceM, added to PAS_Users_group
WalkerS, Not found
WaqarS, added to PAS_Users_group
WarnerC, added to PAS_Users_group
WarrickK, added to PAS_Users_group
WarrickM, Not found
WatsonD, Not found
WatsonL, added to PAS_Users_group
WawrzynskiJ, added to PAS_Users_group
WaylandJ, added to PAS_Users_group
WayaR, added to PAS_Users_group
WeberA, added to PAS_Users_group
WeerasuriyaK, added to PAS_Users_group
WeekesL, added to PAS_Users_group
WeerasuriyaL, added to PAS_Users_group
WenbourneA, Not found
WennellM, added to PAS_Users_group
WestV, Not found
WheatleyS, added to PAS_Users_group
WhitingC, added to PAS_Users_group
WilliamsD, Not found
WilliamsonJ, added to PAS_Users_group
WillJ, added to PAS_Users_group
WilsonK, added to PAS_Users_group
WilliamsK, added to PAS_Users_group
WilliamsL, Not found
WilliamsonQ, added to PAS_Users_group
WilsonS, added to PAS_Users_group
WilemanS, added to PAS_Users_group
WinstonA, added to PAS_Users_group
WinstanleyK, added to PAS_Users_group
WongK, added to PAS_Users_group
Wood(Nurse)A, Not found
WoodingJ, added to PAS_Users_group
WoodP, added to PAS_Users_group
WoronkowiczM, added to PAS_Users_group
NiWuX, Not found
ElizabethYanS, Not found
YangL, added to PAS_Users_group
YangS, added to PAS_Users_group
YapD, added to PAS_Users_group
YasminF, added to PAS_Users_group
YauJ, added to PAS_Users_group
YeatmanB, added to PAS_Users_group
YeginM, added to PAS_Users_group
YeohS, added to PAS_Users_group
YilanA, added to PAS_Users_group
YoungM, added to PAS_Users_group
ReneeY, Not found
YuJ, added to PAS_Users_group
YuWaiManP, added to PAS_Users_group
ZihlerC, added to PAS_Users_group
ZogejaniV, added to PAS_Users_group
ZvobgoM, added to PAS_Users_group
