**********************
Windows PowerShell transcript start
Start time: 20230407110755
Username: CITY_ROAD\ADMINSG
RunAs User: CITY_ROAD\ADMINSG
Configuration Name: 
Machine: M016815 (Microsoft Windows NT 10.0.22621.0)
Host Application: C:\WINDOWS\System32\WindowsPowerShell\v1.0\powershell.exe -NoProfile -ExecutionPolicy Bypass -Command Import-Module 'c:\Users\adminsg\.vscode\extensions\ms-vscode.powershell-2023.3.3\modules\PowerShellEditorServices\PowerShellEditorServices.psd1'; Start-EditorServices -HostName 'Visual Studio Code Host' -HostProfileId 'Microsoft.VSCode' -HostVersion '2023.3.3' -AdditionalModules @('PowerShellEditorServices.VSCode') -BundledModulesPath 'c:\Users\adminsg\.vscode\extensions\ms-vscode.powershell-2023.3.3\modules' -EnableConsoleRepl -StartupBanner "PowerShell Extension v2023.3.3
Copyright (c) Microsoft Corporation.

https://aka.ms/vscode-powershell
Type 'help' to get help.
" -LogLevel 'Normal' -LogPath 'c:\Users\adminsg\AppData\Roaming\Code\User\globalStorage\ms-vscode.powershell\logs\1680845530-5d4af2ea-fb9e-4787-bf6f-ebd46ad1f13b1680845528496\EditorServices.log' -SessionDetailsPath 'c:\Users\adminsg\AppData\Roaming\Code\User\globalStorage\ms-vscode.powershell\sessions\PSES-VSCode-6388-480282.json' -FeatureFlags @() 
Process ID: 7364
PSVersion: 5.1.22621.963
PSEdition: Desktop
PSCompatibleVersions: 1.0, 2.0, 3.0, 4.0, 5.0, 5.1.22621.963
BuildVersion: 10.0.22621.963
CLRVersion: 4.0.30319.42000
WSManStackVersion: 3.0
PSRemotingProtocolVersion: 2.3
SerializationVersion: 1.1.0.1
**********************
Transcript started, output file is .\Update-ADUserDetails.log
07/04/2023 11:07:55 Starting...
07/04/2023 11:07:55 Retrieved 200 CSD Records
07/04/2023 11:08:12 Retrieved 9473 AD Records
07/04/2023 11:09:12 Retrieved 79 Photos
07/04/2023 11:09:12 AAMIRA: Change Ext4-RESID From Null to "29503470"
07/04/2023 11:09:12 ABAAKILK: Change Ext4-RESID From Null to "27586044"
07/04/2023 11:09:13 ABADIORUO: Change Ext4-RESID From Null to "27737816"
07/04/2023 11:09:14 ABADOOD: Change Department From "St Ann's" to "St Anns"
07/04/2023 11:09:14 ABADOOD: Change Description From "St Ann's - Staff Nurse x02082118323" to "St Anns - Staff Nurse x02082118323"
07/04/2023 11:09:14 ABADOOD: Change Office From "St Anns Hospital - Moorfields North - St Ann's - St Ann's" to "St Anns Hospital - Moorfields North - St Anns - St Anns"
07/04/2023 11:09:14 ABADOOD: Change Physical-Office From "St Anns Hospital - Moorfields North - St Ann's - St Ann's" to "St Anns Hospital - Moorfields North - St Anns - St Anns"
07/04/2023 11:09:15 ABAMBAC: Clear Ext4-RESID as null
07/04/2023 11:09:15 ABAN-ALVARADOA: Change Email-Address From " " to ""
07/04/2023 11:09:16 ABAYAA: Change Email-Address From " " to ""
07/04/2023 11:09:18 ABBASA2: Change Ext4-RESID From "27581859" to "29273942"
07/04/2023 11:09:18 ABBASIS: Clear Ext1-PictureURL as null
07/04/2023 11:09:18 ABBASIS: Change Ext4-RESID From "27581859" to "27973436"
07/04/2023 11:09:18 ABBASIU: Change Ext4-RESID From "27581859" to "30377460"
07/04/2023 11:09:20 ABBASL1: Change Thumbnail-Photo From "255 216 255 224 0 16 74 70 73 70 0 1 1 0 0 1 0 1 0 0 255 219 0 67 0 18 12 13 ..." to "255 216 255 224 0 16 74 70 73 70 0 1 1 0 0 1 0 1 0 0 255 219 0 67 0 18 12 13 ..."
07/04/2023 11:09:21 ABBASS: Change Ext4-RESID From "27584727" to "30940800"
07/04/2023 11:09:21 ABBOTTC: Change Ext4-RESID From "27584727" to "27887287"
07/04/2023 11:09:24 ABDALLAH: Change Ext4-RESID From Null to "27582396"
07/04/2023 11:09:24 ABDALLAM: Change Ext4-RESID From Null to "27578041"
07/04/2023 11:09:24 ABDALL-RAZAKA: Change Ext1-PictureURL From Null to "http://intranet3/staffphotos/13841-1.jpg"
07/04/2023 11:09:24 ABDALL-RAZAKA: Change Ext4-RESID From Null to "28366847"
07/04/2023 11:09:25 ABDELAZIZM: Change Email-Address From " " to ""
07/04/2023 11:09:25 ABDELAZIZM: Change Ext4-RESID From Null to "31190281"
07/04/2023 11:09:26 ABDEL-HADIN: Clear Ext4-RESID as null
07/04/2023 11:09:27 ABDELMOTALEBM: Clear Ext4-RESID as null
07/04/2023 11:09:27 ABDELWAHABM: Clear Ext1-PictureURL as null
07/04/2023 11:09:27 ABDELWAHABM: Clear Ext4-RESID as null
07/04/2023 11:09:28 ABDIND: Change Ext4-RESID From "30302700" to "27631766"
07/04/2023 11:09:28 ABDIR: Change Ext1-PictureURL From Null to "http://intranet3/staffphotos/17526-1.jpg"
07/04/2023 11:09:28 ABDIR: Change Ext4-RESID From "30302700" to "28125753"
07/04/2023 11:09:29 ABDIRAHMANA: Change Ext4-RESID From "30302700" to "27939727"
07/04/2023 11:09:29 ABDIRAHMANA2: Change Ext1-PictureURL From "http://intranet3/staffphotos/23630-1.jpg" to "http://intranet3/staffphotos/18387-1.jpg"
07/04/2023 11:09:30 ABDIRIZAKA: Change Email-Address From " " to ""
07/04/2023 11:09:30 ABDIRIZAKA: Change Ext4-RESID From "30982826" to "31337441"
07/04/2023 11:09:30 ABDIS2: Change Ext4-RESID From "30982826" to "10715143"
07/04/2023 11:09:31 ABDULA2: Clear Ext4-RESID as null
07/04/2023 11:09:32 ABDUL-AZIZW: Change Ext1-PictureURL From Null to "http://intranet3/staffphotos/7375-1.jpg"
07/04/2023 11:09:32 ABDUL-AZIZW: Clear Ext4-RESID as null
07/04/2023 11:09:32 ABDULEH: Change Ext4-RESID From "30982826" to "28833511"
07/04/2023 11:09:34 ABDULLAHIA: Change Ext4-RESID From "29806962" to "10474697"
07/04/2023 11:09:35 ABDULLAHIH: Clear Ext4-RESID as null
07/04/2023 11:09:36 ABDULLAHIM: Clear Ext1-PictureURL as null
07/04/2023 11:09:36 ABDULLEA: Change Ext4-RESID From "28163298" to "30057825"
07/04/2023 11:09:37 ABEDINT: Change Ext4-RESID From "28338469" to "30109710"
07/04/2023 11:09:38 ABEGUNDEM: Change Ext4-RESID From "28338469" to "29948869"
07/04/2023 11:09:40 ABIDOYEA: Clear Ext4-RESID as null
07/04/2023 11:09:40 ABIDOYEA: Clear Title-Jobtitle as null
07/04/2023 11:09:40 ABITOGUNL: Clear Ext4-RESID as null
07/04/2023 11:09:41 ABODARAHIMA: Clear Ext1-PictureURL as null
07/04/2023 11:09:41 ABODARAHIMA: Change Ext4-RESID From "31184975" to "29923576"
07/04/2023 11:09:41 ABOLAJIA: Clear Ext1-PictureURL as null
07/04/2023 11:09:42 ABOSHIHAJ: Clear Ext4-RESID as null
07/04/2023 11:09:42 ABOUGHALIM: Clear Ext4-RESID as null
07/04/2023 11:09:43 ABOULTAIFS: Change Ext4-RESID From "30987821" to "27641851"
07/04/2023 11:09:44 ABOURAYYAHY: Change DisplayName From "Abourayyah, Yassir" to "Abou-Rayyah, Yassir"
07/04/2023 11:09:44 ABOURAYYAHY: Change Surname From "Abourayyah" to "Abou-Rayyah"
07/04/2023 11:09:44 ABRAHAMA2: Change Ext4-RESID From "27583307" to "28460862"
07/04/2023 11:09:46 ABRAHAMK2: Change Ext4-RESID From "31054503" to "27585539"
07/04/2023 11:09:49 ABUR: Change Ext4-RESID From "29186856" to "27587442"
07/04/2023 11:09:50 ACHAIBANM: Change Ext4-RESID From "27587717" to "28726296"
07/04/2023 11:09:51 ACHARYAG: Change Department From "Potter's Bar" to "Potters Bar"
07/04/2023 11:09:51 ACHARYAG: Change Description From "Potter's Bar - Staff Nurse x2083" to "Potters Bar - Staff Nurse x2083"
07/04/2023 11:09:51 ACHARYAG: Change Office From "Potters Bar Community - City Road Directorate - Potter's Bar - Potter's Bar" to "Potters Bar Community - City Road Directorate - Potters Bar - Potters Bar"
07/04/2023 11:09:51 ACHARYAG: Change Physical-Office From "Potters Bar Community - City Road Directorate - Potter's Bar - Potter's Bar" to "Potters Bar Community - City Road Directorate - Potters Bar - Potters Bar"
07/04/2023 11:09:53 ACHARYATIMSINAR: Change Email-Address From " " to ""
07/04/2023 11:09:54 ACKUAKUA: Change Ext4-RESID From "27573744" to "27578046"
07/04/2023 11:09:55 ACOLATSEL: Clear Ext4-RESID as null
07/04/2023 11:09:55 ACOLATSEL: Clear Title-Jobtitle as null
07/04/2023 11:09:57 ACRESS: Clear Ext1-PictureURL as null
07/04/2023 11:09:58 ACTONJ: Clear Ext4-RESID as null
07/04/2023 11:09:59 ADAMA: Change Ext4-RESID From "27578565" to "28276284"
07/04/2023 11:10:02 ADAMSE: Change Ext1-PictureURL From Null to "http://intranet3/staffphotos/777-1.jpg"
07/04/2023 11:10:02 ADAMSE: Change Ext4-RESID From "27574307" to "27587048"
07/04/2023 11:10:02 ADAMSG: Change GivenName-FirstName From "Gill" to "Gillian"
07/04/2023 11:10:03 ADAMSJ1: Change Ext4-RESID From "27577695" to "27585442"
07/04/2023 11:10:05 ADAMSK: Change DisplayName From "Adams, Katherine" to "Adams, Katie"
07/04/2023 11:10:05 ADAMSK: Change GivenName-FirstName From "Katherine" to "Katie"
07/04/2023 11:10:05 ADAMSL: Change Ext1-PictureURL From Null to "http://intranet3/staffphotos/11518-1.jpg"
07/04/2023 11:10:09 ADANN: Clear Ext4-RESID as null
07/04/2023 11:10:09 ADASG: Clear Ext4-RESID as null
07/04/2023 11:10:11 ADDAIF: Change Ext4-RESID From "27584901" to "27578617"
07/04/2023 11:10:12 ADDISONK: Change Ext4-RESID From "27584901" to "27582303"
07/04/2023 11:10:13 ADEAGAZ: Clear Ext4-RESID as null
07/04/2023 11:10:15 ADEDOYINA: Change Ext4-RESID From "27576240" to "9859820"
07/04/2023 11:10:16 ADEGBUYIA: Change Email-Address From " " to ""
07/04/2023 11:10:16 ADEGBUYIA: Change Ext4-RESID From "27576240" to "11068962"
07/04/2023 11:10:19 ADELEKANA2: Change Email-Address From " " to ""
07/04/2023 11:10:20 ADELEKEP: Clear Ext4-RESID as null
07/04/2023 11:10:21 ADENA: Clear Ext1-PictureURL as null
07/04/2023 11:10:21 ADENA: Change Ext4-RESID From Null to "28316322"
07/04/2023 11:10:22 ADENEKANH: Clear Ext1-PictureURL as null
07/04/2023 11:10:22 ADENEKANH: Change Ext4-RESID From Null to "27822559"
07/04/2023 11:10:24 ADENZ: Change Ext4-RESID From "27576749" to "30879430"
07/04/2023 11:10:25 ADEOYEE: Change Email-Address From " " to ""
07/04/2023 11:10:26 ADEPEGBAO: Clear Ext1-PictureURL as null
07/04/2023 11:10:26 ADEPEGBAO: Change GivenName-FirstName From "Jumoke" to "Olajumoke"
What if: Performing the operation "Set" on target "CN=AAMIRA,OU=Users_Stale,DC=moorfields,DC=nhs,DC=uk".
What if: Performing the operation "Set" on target "CN=ABAAKILK,OU=Users_Stale,DC=moorfields,DC=nhs,DC=uk".
What if: Performing the operation "Set" on target "CN=ABADIORUO,OU=Users_Stale,DC=moorfields,DC=nhs,DC=uk".
What if: Performing the operation "Set" on target "CN=ABADOOD,CN=Users,DC=moorfields,DC=nhs,DC=uk".
What if: Performing the operation "Set" on target "CN=ABADOOD,CN=Users,DC=moorfields,DC=nhs,DC=uk".
What if: Performing the operation "Set" on target "CN=ABADOOD,CN=Users,DC=moorfields,DC=nhs,DC=uk".
What if: Performing the operation "Set" on target "CN=ABADOOD,CN=Users,DC=moorfields,DC=nhs,DC=uk".
What if: Performing the operation "Set" on target "CN=ABAMBAC,OU=Users_Stale,DC=moorfields,DC=nhs,DC=uk".
What if: Performing the operation "Set" on target "CN=ABAN-ALVARADOA,CN=Users,DC=moorfields,DC=nhs,DC=uk".
What if: Performing the operation "Set" on target "CN=ABAYAA,CN=Users,DC=moorfields,DC=nhs,DC=uk".
What if: Performing the operation "Set" on target "CN=ABBASA2,OU=Users_Stale,DC=moorfields,DC=nhs,DC=uk".
What if: Performing the operation "Set" on target "CN=ABBASIS,OU=Users_Stale,DC=moorfields,DC=nhs,DC=uk".
What if: Performing the operation "Set" on target "CN=ABBASIS,OU=Users_Stale,DC=moorfields,DC=nhs,DC=uk".
What if: Performing the operation "Set" on target "CN=ABBASIU,OU=Users_Stale,DC=moorfields,DC=nhs,DC=uk".
What if: Performing the operation "Set" on target "CN=ABBASL1,CN=Users,DC=moorfields,DC=nhs,DC=uk".
What if: Performing the operation "Set" on target "CN=ABBASS,OU=Users_Stale,DC=moorfields,DC=nhs,DC=uk".
What if: Performing the operation "Set" on target "CN=ABBOTTC,OU=Users_Stale,DC=moorfields,DC=nhs,DC=uk".
What if: Performing the operation "Set" on target "CN=ABDALLAH,OU=Users_Stale,DC=moorfields,DC=nhs,DC=uk".
What if: Performing the operation "Set" on target "CN=ABDALLAM,OU=Users_Stale,DC=moorfields,DC=nhs,DC=uk".
What if: Performing the operation "Set" on target "CN=ABDALL-RAZAKA,OU=Users_Stale,DC=moorfields,DC=nhs,DC=uk".
What if: Performing the operation "Set" on target "CN=ABDALL-RAZAKA,OU=Users_Stale,DC=moorfields,DC=nhs,DC=uk".
What if: Performing the operation "Set" on target "CN=ABDELAZIZM,OU=Users_Stale,DC=moorfields,DC=nhs,DC=uk".
What if: Performing the operation "Set" on target "CN=ABDELAZIZM,OU=Users_Stale,DC=moorfields,DC=nhs,DC=uk".
What if: Performing the operation "Set" on target "CN=ABDEL-HADIN,OU=Users_Stale,DC=moorfields,DC=nhs,DC=uk".
What if: Performing the operation "Set" on target "CN=ABDELMOTALEBM,OU=Users_Stale,DC=moorfields,DC=nhs,DC=uk".
What if: Performing the operation "Set" on target "CN=ABDELWAHABM,OU=Users_Stale,DC=moorfields,DC=nhs,DC=uk".
What if: Performing the operation "Set" on target "CN=ABDELWAHABM,OU=Users_Stale,DC=moorfields,DC=nhs,DC=uk".
What if: Performing the operation "Set" on target "CN=ABDIND,OU=Users_Stale,DC=moorfields,DC=nhs,DC=uk".
What if: Performing the operation "Set" on target "CN=ABDIR,OU=Users_Stale,DC=moorfields,DC=nhs,DC=uk".
What if: Performing the operation "Set" on target "CN=ABDIR,OU=Users_Stale,DC=moorfields,DC=nhs,DC=uk".
What if: Performing the operation "Set" on target "CN=ABDIRAHMANA,OU=Users_Stale,DC=moorfields,DC=nhs,DC=uk".
What if: Performing the operation "Set" on target "CN=ABDIRAHMANA2,CN=Users,DC=moorfields,DC=nhs,DC=uk".
What if: Performing the operation "Set" on target "CN=ABDIRIZAKA,OU=Users_Stale,DC=moorfields,DC=nhs,DC=uk".
What if: Performing the operation "Set" on target "CN=ABDIRIZAKA,OU=Users_Stale,DC=moorfields,DC=nhs,DC=uk".
What if: Performing the operation "Set" on target "CN=ABDIS2,OU=Users_Stale,DC=moorfields,DC=nhs,DC=uk".
What if: Performing the operation "Set" on target "CN=ABDULA2,OU=Users_Stale,DC=moorfields,DC=nhs,DC=uk".
What if: Performing the operation "Set" on target "CN=ABDUL-AZIZW,OU=Users_Stale,DC=moorfields,DC=nhs,DC=uk".
What if: Performing the operation "Set" on target "CN=ABDUL-AZIZW,OU=Users_Stale,DC=moorfields,DC=nhs,DC=uk".
What if: Performing the operation "Set" on target "CN=ABDULEH,OU=Users_Stale,DC=moorfields,DC=nhs,DC=uk".
What if: Performing the operation "Set" on target "CN=ABDULLAHIA,OU=Users_Stale,DC=moorfields,DC=nhs,DC=uk".
What if: Performing the operation "Set" on target "CN=ABDULLAHIH,OU=Users_Stale,DC=moorfields,DC=nhs,DC=uk".
What if: Performing the operation "Set" on target "CN=ABDULLAHIM,CN=Users,DC=moorfields,DC=nhs,DC=uk".
What if: Performing the operation "Set" on target "CN=ABDULLEA,OU=Users_Stale,DC=moorfields,DC=nhs,DC=uk".
What if: Performing the operation "Set" on target "CN=ABEDINT,OU=Users_Stale,DC=moorfields,DC=nhs,DC=uk".
What if: Performing the operation "Set" on target "CN=ABEGUNDEM,OU=Users_Stale,DC=moorfields,DC=nhs,DC=uk".
What if: Performing the operation "Set" on target "CN=ABIDOYEA,OU=Users_Stale,DC=moorfields,DC=nhs,DC=uk".
What if: Performing the operation "Set" on target "CN=ABIDOYEA,OU=Users_Stale,DC=moorfields,DC=nhs,DC=uk".
What if: Performing the operation "Set" on target "CN=ABITOGUNL,OU=Users_Stale,DC=moorfields,DC=nhs,DC=uk".
What if: Performing the operation "Set" on target "CN=ABODARAHIMA,OU=Users_Stale,DC=moorfields,DC=nhs,DC=uk".
What if: Performing the operation "Set" on target "CN=ABODARAHIMA,OU=Users_Stale,DC=moorfields,DC=nhs,DC=uk".
What if: Performing the operation "Set" on target "CN=ABOLAJIA,CN=Users,DC=moorfields,DC=nhs,DC=uk".
What if: Performing the operation "Set" on target "CN=ABOSHIHAJ,OU=Users_Stale,DC=moorfields,DC=nhs,DC=uk".
What if: Performing the operation "Set" on target "CN=ABOUGHALIM,OU=Users_Stale,DC=moorfields,DC=nhs,DC=uk".
What if: Performing the operation "Set" on target "CN=ABOULTAIFS,OU=Users_Stale,DC=moorfields,DC=nhs,DC=uk".
What if: Performing the operation "Set" on target "CN=ABOURAYYAHY,CN=Users,DC=moorfields,DC=nhs,DC=uk".
What if: Performing the operation "Set" on target "CN=ABOURAYYAHY,CN=Users,DC=moorfields,DC=nhs,DC=uk".
What if: Performing the operation "Set" on target "CN=ABRAHAMA2,OU=Users_Stale,DC=moorfields,DC=nhs,DC=uk".
What if: Performing the operation "Set" on target "CN=ABRAHAMK2,OU=Users_Stale,DC=moorfields,DC=nhs,DC=uk".
What if: Performing the operation "Set" on target "CN=ABUR,OU=Users_Stale,DC=moorfields,DC=nhs,DC=uk".
What if: Performing the operation "Set" on target "CN=ACHAIBANM,OU=Users_Stale,DC=moorfields,DC=nhs,DC=uk".
What if: Performing the operation "Set" on target "CN=ACHARYAG,CN=Users,DC=moorfields,DC=nhs,DC=uk".
What if: Performing the operation "Set" on target "CN=ACHARYAG,CN=Users,DC=moorfields,DC=nhs,DC=uk".
What if: Performing the operation "Set" on target "CN=ACHARYAG,CN=Users,DC=moorfields,DC=nhs,DC=uk".
What if: Performing the operation "Set" on target "CN=ACHARYAG,CN=Users,DC=moorfields,DC=nhs,DC=uk".
What if: Performing the operation "Set" on target "CN=ACHARYATIMSINAR,CN=Users,DC=moorfields,DC=nhs,DC=uk".
What if: Performing the operation "Set" on target "CN=ACKUAKUA,OU=Users_Stale,DC=moorfields,DC=nhs,DC=uk".
What if: Performing the operation "Set" on target "CN=ACOLATSEL,OU=Users_Stale,DC=moorfields,DC=nhs,DC=uk".
What if: Performing the operation "Set" on target "CN=ACOLATSEL,OU=Users_Stale,DC=moorfields,DC=nhs,DC=uk".
What if: Performing the operation "Set" on target "CN=ACRESS,CN=Users,DC=moorfields,DC=nhs,DC=uk".
What if: Performing the operation "Set" on target "CN=ACTONJ,CN=Users,DC=moorfields,DC=nhs,DC=uk".
What if: Performing the operation "Set" on target "CN=ADAMA,OU=Users_Stale,DC=moorfields,DC=nhs,DC=uk".
What if: Performing the operation "Set" on target "CN=ADAMSE,OU=Users_Stale,DC=moorfields,DC=nhs,DC=uk".
What if: Performing the operation "Set" on target "CN=ADAMSE,OU=Users_Stale,DC=moorfields,DC=nhs,DC=uk".
What if: Performing the operation "Set" on target "CN=ADAMSG,CN=Users,DC=moorfields,DC=nhs,DC=uk".
What if: Performing the operation "Set" on target "CN=ADAMSJ1,OU=Users_Stale,DC=moorfields,DC=nhs,DC=uk".
What if: Performing the operation "Set" on target "CN=ADAMSK,CN=Users,DC=moorfields,DC=nhs,DC=uk".
What if: Performing the operation "Set" on target "CN=ADAMSK,CN=Users,DC=moorfields,DC=nhs,DC=uk".
What if: Performing the operation "Set" on target "CN=ADAMSL,OU=Users_Stale,DC=moorfields,DC=nhs,DC=uk".
What if: Performing the operation "Set" on target "CN=ADANN,OU=Users_Stale,DC=moorfields,DC=nhs,DC=uk".
What if: Performing the operation "Set" on target "CN=ADASG,OU=Users_Stale,DC=moorfields,DC=nhs,DC=uk".
What if: Performing the operation "Set" on target "CN=ADDAIF,CN=Users,DC=moorfields,DC=nhs,DC=uk".
What if: Performing the operation "Set" on target "CN=ADDISONK,OU=Users_Stale,DC=moorfields,DC=nhs,DC=uk".
What if: Performing the operation "Set" on target "CN=ADEAGAZ,OU=Users_Stale,DC=moorfields,DC=nhs,DC=uk".
What if: Performing the operation "Set" on target "CN=ADEDOYINA,OU=Users_Stale,DC=moorfields,DC=nhs,DC=uk".
What if: Performing the operation "Set" on target "CN=ADEGBUYIA,OU=Users_Stale,DC=moorfields,DC=nhs,DC=uk".
What if: Performing the operation "Set" on target "CN=ADEGBUYIA,OU=Users_Stale,DC=moorfields,DC=nhs,DC=uk".
What if: Performing the operation "Set" on target "CN=ADELEKANA2,OU=Users_Stale,DC=moorfields,DC=nhs,DC=uk".
What if: Performing the operation "Set" on target "CN=ADELEKEP,OU=Users_Stale,DC=moorfields,DC=nhs,DC=uk".
What if: Performing the operation "Set" on target "CN=ADENA,OU=Users_Stale,DC=moorfields,DC=nhs,DC=uk".
What if: Performing the operation "Set" on target "CN=ADENA,OU=Users_Stale,DC=moorfields,DC=nhs,DC=uk".
What if: Performing the operation "Set" on target "CN=ADENEKANH,OU=Users_Stale,DC=moorfields,DC=nhs,DC=uk".
What if: Performing the operation "Set" on target "CN=ADENEKANH,OU=Users_Stale,DC=moorfields,DC=nhs,DC=uk".
What if: Performing the operation "Set" on target "CN=ADENZ,OU=Users_Stale,DC=moorfields,DC=nhs,DC=uk".
What if: Performing the operation "Set" on target "CN=ADEOYEE,CN=Users,DC=moorfields,DC=nhs,DC=uk".
What if: Performing the operation "Set" on target "CN=ADEPEGBAO,CN=Users,DC=moorfields,DC=nhs,DC=uk".
What if: Performing the operation "Set" on target "CN=ADEPEGBAO,CN=Users,DC=moorfields,DC=nhs,DC=uk".
**********************
Windows PowerShell transcript end
End time: 20230407111029
**********************
