2022-07-18-042006 - Fileshare_Assessment 1.2
2022-07-18-042006 - Getting FileShare details \\applications2\gills
2022-07-18-042006 - \\applications2\gills\.ssh
2022-07-18-042006 -   Extracting Child Items
2022-07-18-042006 - =
2022-07-18-042006 - \\applications2\gills\BigHand Data
2022-07-18-042006 -   Extracting Child Items
2022-07-18-042006 - =
2022-07-18-042006 - \\applications2\gills\Documents_01
2022-07-18-042006 -   Extracting Child Items
2022-07-18-042007 - =
2022-07-18-042007 - \\applications2\gills\Documents_02
2022-07-18-042007 -   Extracting Child Items
2022-07-18-042008 - =
2022-07-18-042008 - \\applications2\gills\Documents_03
2022-07-18-042008 -   Extracting Child Items
2022-07-18-042009 - =
2022-07-18-042009 - \\applications2\gills\Documents_04
2022-07-18-042009 -   Extracting Child Items
2022-07-18-042009 - =
2022-07-18-042009 - \\applications2\gills\Documents_05
2022-07-18-042009 -   Extracting Child Items
2022-07-18-042009 - =
2022-07-18-042009 - \\applications2\gills\Documents_06
2022-07-18-042009 -   Extracting Child Items
2022-07-18-042009 - =
2022-07-18-042009 - \\applications2\gills\Documents_07
2022-07-18-042009 -   Extracting Child Items
2022-07-18-042010 - =
2022-07-18-042010 - \\applications2\gills\Documents_08
2022-07-18-042010 -   Extracting Child Items
2022-07-18-042010 - =
2022-07-18-042010 - \\applications2\gills\Documents_09
2022-07-18-042010 -   Extracting Child Items
2022-07-18-042010 - =
2022-07-18-042010 - \\applications2\gills\Documents_10
2022-07-18-042010 -   Extracting Child Items
2022-07-18-042010 - =
2022-07-18-042010 - \\applications2\gills\Documents_11
2022-07-18-042010 -   Extracting Child Items
2022-07-18-042011 - =
2022-07-18-042011 - \\applications2\gills\Documents_12
2022-07-18-042011 -   Extracting Child Items
2022-07-18-042011 - =
2022-07-18-042011 - \\applications2\gills\Documents_13
2022-07-18-042011 -   Extracting Child Items
2022-07-18-042012 - =
2022-07-18-042012 - \\applications2\gills\Documents_14
2022-07-18-042012 -   Extracting Child Items
2022-07-18-042012 - =
2022-07-18-042012 - \\applications2\gills\Documents_15
2022-07-18-042012 -   Extracting Child Items
2022-07-18-042012 - =
2022-07-18-042012 - \\applications2\gills\Documents_16
2022-07-18-042012 -   Extracting Child Items
2022-07-18-042013 - =
2022-07-18-042013 - \\applications2\gills\Documents_17
2022-07-18-042013 -   Extracting Child Items
2022-07-18-042013 - =
2022-07-18-042013 - \\applications2\gills\Documents_18
2022-07-18-042013 -   Extracting Child Items
2022-07-18-042013 - =
2022-07-18-042013 - \\applications2\gills\Documents_19
2022-07-18-042013 -   Extracting Child Items
2022-07-18-042013 - =
2022-07-18-042013 - \\applications2\gills\Documents_20
2022-07-18-042013 -   Extracting Child Items
2022-07-18-042013 - =
2022-07-18-042014 - \\applications2\gills\Documents_21
2022-07-18-042014 -   Extracting Child Items
2022-07-18-042014 - =
2022-07-18-042014 - \\applications2\gills\Documents_22
2022-07-18-042014 -   Extracting Child Items
2022-07-18-042014 - =
2022-07-18-042014 - \\applications2\gills\Downloads
2022-07-18-042014 -   Extracting Child Items
2022-07-18-042014 - =
2022-07-18-042014 - \\applications2\gills\eMail
2022-07-18-042014 -   Extracting Child Items
2022-07-18-042014 - =
2022-07-18-042014 - \\applications2\gills\Favorites
2022-07-18-042014 -   Extracting Child Items
2022-07-18-042014 - =
2022-07-18-042014 - \\applications2\gills\iCloud Photos
2022-07-18-042014 -   Extracting Child Items
2022-07-18-042014 - =
2022-07-18-042014 - \\applications2\gills\Installs
2022-07-18-042014 -   Extracting Child Items
2022-07-18-042015 - =
2022-07-18-042015 - \\applications2\gills\MEH Management
2022-07-18-042015 -   Extracting Child Items
2022-07-18-042015 - =
2022-07-18-042015 - \\applications2\gills\Monad-docs
2022-07-18-042015 -   Extracting Child Items
2022-07-18-042020 - =
2022-07-18-042020 - \\applications2\gills\My eBooks
2022-07-18-042020 -   Extracting Child Items
2022-07-18-042020 - =
2022-07-18-042020 - \\applications2\gills\My Music
2022-07-18-042020 -   Extracting Child Items
2022-07-18-042020 - =
2022-07-18-042020 - \\applications2\gills\My Notebook
2022-07-18-042020 -   Extracting Child Items
2022-07-18-042020 - =
2022-07-18-042020 - \\applications2\gills\My Notes
2022-07-18-042020 -   Extracting Child Items
2022-07-18-042020 - =
2022-07-18-042020 - \\applications2\gills\NTPScan
2022-07-18-042020 -   Extracting Child Items
2022-07-18-042020 - =
2022-07-18-042020 - \\applications2\gills\Powershell
2022-07-18-042020 -   Extracting Child Items
2022-07-18-042022 - =
2022-07-18-042022 - \\applications2\gills\Powershell - Copy
2022-07-18-042022 -   Extracting Child Items
2022-07-18-042022 - =
2022-07-18-042022 - \\applications2\gills\RECYCLER
2022-07-18-042022 -   Extracting Child Items
2022-07-18-042022 - =
2022-07-18-042022 - \\applications2\gills\Reference
2022-07-18-042022 -   Extracting Child Items
2022-07-18-042023 - =
2022-07-18-042023 - \\applications2\gills\Regfiles
2022-07-18-042023 -   Extracting Child Items
2022-07-18-042023 - =
2022-07-18-042023 - \\applications2\gills\SetCache
2022-07-18-042023 -   Extracting Child Items
2022-07-18-042023 - =
2022-07-18-042023 - \\applications2\gills\templates
2022-07-18-042023 -   Extracting Child Items
2022-07-18-042023 - =
2022-07-18-042023 - \\applications2\gills\VBScripts
2022-07-18-042023 -   Extracting Child Items
2022-07-18-042023 - =
2022-07-18-042023 - \\applications2\gills\vsprojects
2022-07-18-042023 -   Extracting Child Items
2022-07-18-042033 - =
